<?xml version="1.0" encoding="UTF-8"?>
<!-- Generated by org.testng.reporters.JUnitXMLReporter -->
<testsuite ignored="0" hostname="Prasad" failures="1" tests="4" name="Test" time="19.964" errors="0" timestamp="2021-08-27T15:44:24 IST">
  <testcase classname="com.StromgerMe.Scripts.LoginTest" name="Login" time="0.804"/>
  <testcase classname="com.StromgerMe.Scripts.LoginTest" name="Login" time="0.362"/>
  <testcase classname="com.StromgerMe.Scripts.LoginTest" name="Login" time="0.7"/>
  <testcase classname="com.StromgerMe.Scripts.LoginTest" name="Login" time="10.785">
    <failure type="org.openqa.selenium.json.JsonException" message="java.lang.reflect.InvocationTargetException
Build info: version: &amp;apos;3.14.0&amp;apos;, revision: &amp;apos;aacccce0&amp;apos;, time: &amp;apos;2018-08-02T20:19:58.91Z&amp;apos;
System info: host: &amp;apos;PRASAD&amp;apos;, ip: &amp;apos;172.16.17.83&amp;apos;, os.name: &amp;apos;Windows 10&amp;apos;, os.arch: &amp;apos;amd64&amp;apos;, os.version: &amp;apos;10.0&amp;apos;, java.version: &amp;apos;15.0.2&amp;apos;
Driver info: driver.version: RemoteWebDriver">
      <![CDATA[org.openqa.selenium.json.JsonException: java.lang.reflect.InvocationTargetException
Build info: version: '3.14.0', revision: 'aacccce0', time: '2018-08-02T20:19:58.91Z'
System info: host: 'PRASAD', ip: '172.16.17.83', os.name: 'Windows 10', os.arch: 'amd64', os.version: '10.0', java.version: '15.0.2'
Driver info: driver.version: RemoteWebDriver
at org.openqa.selenium.json.JsonOutput.convertUsingMethod(JsonOutput.java:315)
at org.openqa.selenium.json.JsonOutput.lambda$new$14(JsonOutput.java:152)
at org.openqa.selenium.json.JsonOutput$SafeBiConsumer.accept(JsonOutput.java:407)
at org.openqa.selenium.json.JsonOutput.write(JsonOutput.java:261)
at org.openqa.selenium.json.JsonOutput.lambda$null$19(JsonOutput.java:165)
at java.base/java.util.LinkedHashMap$LinkedValues.forEach(LinkedHashMap.java:647)
at org.openqa.selenium.json.JsonOutput.lambda$new$20(JsonOutput.java:165)
at org.openqa.selenium.json.JsonOutput$SafeBiConsumer.accept(JsonOutput.java:407)
at org.openqa.selenium.json.JsonOutput.write(JsonOutput.java:261)
at org.openqa.selenium.json.JsonOutput.lambda$null$21(JsonOutput.java:174)
at com.google.common.collect.SingletonImmutableBiMap.forEach(SingletonImmutableBiMap.java:65)
at org.openqa.selenium.json.JsonOutput.lambda$new$22(JsonOutput.java:173)
at org.openqa.selenium.json.JsonOutput$SafeBiConsumer.accept(JsonOutput.java:407)
at org.openqa.selenium.json.JsonOutput.write(JsonOutput.java:261)
at org.openqa.selenium.json.JsonOutput.write(JsonOutput.java:252)
at org.openqa.selenium.json.Json.toJson(Json.java:42)
at org.openqa.selenium.remote.http.AbstractHttpCommandCodec.encode(AbstractHttpCommandCodec.java:227)
at org.openqa.selenium.remote.http.AbstractHttpCommandCodec.encode(AbstractHttpCommandCodec.java:117)
at org.openqa.selenium.remote.HttpCommandExecutor.execute(HttpCommandExecutor.java:152)
at org.openqa.selenium.remote.service.DriverCommandExecutor.execute(DriverCommandExecutor.java:83)
at org.openqa.selenium.remote.RemoteWebDriver.execute(RemoteWebDriver.java:548)
at org.openqa.selenium.remote.RemoteWebDriver.perform(RemoteWebDriver.java:614)
at org.openqa.selenium.interactions.Actions$BuiltAction.perform(Actions.java:640)
at org.openqa.selenium.interactions.Actions.perform(Actions.java:596)
at com.StrongerMe.generics.WebDriverUtility.mouseOver(WebDriverUtility.java:88)
at com.StromgerMe.Scripts.LoginTest.Login(LoginTest.java:29)
at java.base/java.util.ArrayList.forEach(ArrayList.java:1511)
Suppressed: org.openqa.selenium.json.JsonException: Attempting to close incomplete json stream
Build info: version: '3.14.0', revision: 'aacccce0', time: '2018-08-02T20:19:58.91Z'
System info: host: 'PRASAD', ip: '172.16.17.83', os.name: 'Windows 10', os.arch: 'amd64', os.version: '10.0', java.version: '15.0.2'
Driver info: driver.version: RemoteWebDriver
at org.openqa.selenium.json.JsonOutput.close(JsonOutput.java:276)
at org.openqa.selenium.json.Json.toJson(Json.java:44)
... 38 more
at org.openqa.selenium.json.JsonOutput.convertUsingMethod(JsonOutput.java:311)
... 53 more
Caused by: org.openqa.selenium.NoSuchElementException: no such element: Unable to locate element: {"method":"xpath","selector":"//button[text()='Logout']"}
  (Session info: chrome=92.0.4515.159)
For documentation on this error, please visit: http://seleniumhq.org/exceptions/no_such_element.html
Build info: version: '3.14.0', revision: 'aacccce0', time: '2018-08-02T20:19:58.91Z'
System info: host: 'PRASAD', ip: '172.16.17.83', os.name: 'Windows 10', os.arch: 'amd64', os.version: '10.0', java.version: '15.0.2'
Driver info: org.openqa.selenium.chrome.ChromeDriver
Capabilities {acceptInsecureCerts: false, browserName: chrome, browserVersion: 92.0.4515.159, chrome: {chromedriverVersion: 92.0.4515.43 (8c61b7e2989f2..., userDataDir: C:\Users\Lenovo\AppData\Loc...}, goog:chromeOptions: {debuggerAddress: localhost:61139}, javascriptEnabled: true, networkConnectionEnabled: false, pageLoadStrategy: normal, platform: WINDOWS, platformName: WINDOWS, proxy: Proxy(), setWindowRect: true, strictFileInteractability: false, timeouts: {implicit: 0, pageLoad: 300000, script: 30000}, unhandledPromptBehavior: dismiss and notify, webauthn:extension:credBlob: true, webauthn:extension:largeBlob: true, webauthn:virtualAuthenticators: true}
Session ID: 10be6b672e5a6a08a402d393d6993ff0
*** Element info: {Using=xpath, value=//button[text()='Logout']}
at org.openqa.selenium.remote.http.W3CHttpResponseCodec.createException(W3CHttpResponseCodec.java:187)
at org.openqa.selenium.remote.http.W3CHttpResponseCodec.decode(W3CHttpResponseCodec.java:122)
at org.openqa.selenium.remote.http.W3CHttpResponseCodec.decode(W3CHttpResponseCodec.java:49)
at org.openqa.selenium.remote.HttpCommandExecutor.execute(HttpCommandExecutor.java:158)
at org.openqa.selenium.remote.service.DriverCommandExecutor.execute(DriverCommandExecutor.java:83)
at org.openqa.selenium.remote.RemoteWebDriver.execute(RemoteWebDriver.java:548)
at org.openqa.selenium.remote.RemoteWebDriver.findElement(RemoteWebDriver.java:322)
at org.openqa.selenium.remote.RemoteWebDriver.findElementByXPath(RemoteWebDriver.java:424)
at org.openqa.selenium.By$ByXPath.findElement(By.java:353)
at org.openqa.selenium.remote.RemoteWebDriver.findElement(RemoteWebDriver.java:314)
at org.openqa.selenium.support.pagefactory.DefaultElementLocator.findElement(DefaultElementLocator.java:69)
at org.openqa.selenium.support.pagefactory.internal.LocatingElementHandler.invoke(LocatingElementHandler.java:38)
at com.sun.proxy.$Proxy16.getWrappedElement(Unknown Source)
at org.openqa.selenium.interactions.PointerInput$Origin.asArg(PointerInput.java:204)
at org.openqa.selenium.interactions.PointerInput$Move.encode(PointerInput.java:155)
at org.openqa.selenium.interactions.Sequence.encode(Sequence.java:75)
at org.openqa.selenium.interactions.Sequence.toJson(Sequence.java:84)
... 58 more
... Removed 37 stack frames]]>
    </failure>
  </testcase> <!-- Login -->
</testsuite> <!-- Test -->
