<?xml version="1.0" encoding="UTF-8"?>
<!-- Generated by org.testng.reporters.JUnitXMLReporter -->
<testsuite ignored="0" hostname="Prasad" failures="0" tests="5" name="Test" time="20.972" errors="0" timestamp="2021-09-23T14:43:09 IST">
  <testcase classname="com.StromgerMe.Scripts.LoginTest" name="Login" time="0.589"/>
  <testcase classname="com.StromgerMe.Scripts.LoginTest" name="Login" time="0.617"/>
  <testcase classname="com.StromgerMe.Scripts.LoginTest" name="Login" time="0.674"/>
  <testcase classname="com.StromgerMe.Scripts.LoginTest" name="Login" time="1.629"/>
  <testcase classname="com.StromgerMe.Scripts.Coach" name="addCoach" time="9.086"/>
</testsuite> <!-- Test -->
